<?xml version="1.0" encoding="UTF-8"?>
<coverage generated="1552691014016" clover="3.2.0">
  <project timestamp="1552691014016" name="All files">
    <metrics statements="30" coveredstatements="30" conditionals="21" coveredconditionals="21" methods="6" coveredmethods="6" elements="57" coveredelements="57" complexity="0" loc="30" ncloc="30" packages="1" files="1" classes="1">
      <file name="index.js" path="/home/saulo/Projetos/react-ninja/m02/applications/github-app/src/utils/pagination/index.js">
        <metrics statements="30" coveredstatements="30" conditionals="21" coveredconditionals="21" methods="6" coveredmethods="6"/>
        <line num="3" count="42" type="cond" truecount="2" falsecount="0"/>
        <line num="7" count="41" type="stmt"/>
        <line num="9" count="1" type="cond" truecount="3" falsecount="0"/>
        <line num="10" count="21" type="cond" truecount="2" falsecount="0"/>
        <line num="11" count="1" type="stmt"/>
        <line num="13" count="20" type="cond" truecount="2" falsecount="0"/>
        <line num="14" count="1" type="stmt"/>
        <line num="16" count="19" type="cond" truecount="2" falsecount="0"/>
        <line num="17" count="10" type="stmt"/>
        <line num="19" count="14" type="stmt"/>
        <line num="20" count="14" type="stmt"/>
        <line num="22" count="42" type="stmt"/>
        <line num="25" count="70" type="stmt"/>
        <line num="27" count="14" type="stmt"/>
        <line num="28" count="14" type="stmt"/>
        <line num="30" count="14" type="cond" truecount="2" falsecount="0"/>
        <line num="31" count="2" type="stmt"/>
        <line num="38" count="14" type="stmt"/>
        <line num="39" count="14" type="stmt"/>
        <line num="41" count="14" type="cond" truecount="2" falsecount="0"/>
        <line num="42" count="2" type="stmt"/>
        <line num="49" count="14" type="stmt"/>
        <line num="50" count="14" type="stmt"/>
        <line num="52" count="14" type="cond" truecount="2" falsecount="0"/>
        <line num="53" count="6" type="stmt"/>
        <line num="60" count="14" type="stmt"/>
        <line num="61" count="14" type="stmt"/>
        <line num="63" count="14" type="cond" truecount="2" falsecount="0"/>
        <line num="64" count="6" type="stmt"/>
        <line num="71" count="14" type="stmt"/>
      </file>
    </metrics>
  </project>
</coverage>
