{"/home/saulo/Projetos/react-ninja/m02/applications/github-app/src/utils/pagination/index.js": {"path":"/home/saulo/Projetos/react-ninja/m02/applications/github-app/src/utils/pagination/index.js","statementMap":{"0":{"start":{"line":3,"column":19},"end":{"line":5,"column":38}},"1":{"start":{"line":3,"column":46},"end":{"line":5,"column":38}},"2":{"start":{"line":7,"column":17},"end":{"line":7,"column":53}},"3":{"start":{"line":7,"column":28},"end":{"line":7,"column":53}},"4":{"start":{"line":9,"column":19},"end":{"line":72,"column":1}},"5":{"start":{"line":10,"column":2},"end":{"line":12,"column":3}},"6":{"start":{"line":11,"column":4},"end":{"line":11,"column":51}},"7":{"start":{"line":13,"column":2},"end":{"line":15,"column":3}},"8":{"start":{"line":14,"column":4},"end":{"line":14,"column":56}},"9":{"start":{"line":16,"column":2},"end":{"line":18,"column":3}},"10":{"start":{"line":17,"column":4},"end":{"line":17,"column":57}},"11":{"start":{"line":17,"column":51},"end":{"line":17,"column":56}},"12":{"start":{"line":19,"column":23},"end":{"line":19,"column":24}},"13":{"start":{"line":20,"column":14},"end":{"line":24,"column":3}},"14":{"start":{"line":22,"column":54},"end":{"line":22,"column":91}},"15":{"start":{"line":25,"column":2},"end":{"line":25,"column":77}},"16":{"start":{"line":25,"column":47},"end":{"line":25,"column":76}},"17":{"start":{"line":27,"column":24},"end":{"line":27,"column":47}},"18":{"start":{"line":28,"column":17},"end":{"line":28,"column":40}},"19":{"start":{"line":30,"column":2},"end":{"line":36,"column":3}},"20":{"start":{"line":31,"column":4},"end":{"line":35,"column":5}},"21":{"start":{"line":38,"column":18},"end":{"line":38,"column":26}},"22":{"start":{"line":39,"column":19},"end":{"line":39,"column":27}},"23":{"start":{"line":41,"column":2},"end":{"line":47,"column":3}},"24":{"start":{"line":42,"column":4},"end":{"line":46,"column":5}},"25":{"start":{"line":49,"column":2},"end":{"line":49,"column":43}},"26":{"start":{"line":50,"column":2},"end":{"line":50,"column":36}},"27":{"start":{"line":52,"column":2},"end":{"line":58,"column":3}},"28":{"start":{"line":53,"column":4},"end":{"line":57,"column":5}},"29":{"start":{"line":60,"column":2},"end":{"line":60,"column":22}},"30":{"start":{"line":61,"column":2},"end":{"line":61,"column":23}},"31":{"start":{"line":63,"column":2},"end":{"line":69,"column":3}},"32":{"start":{"line":64,"column":4},"end":{"line":68,"column":5}},"33":{"start":{"line":71,"column":2},"end":{"line":71,"column":14}}},"fnMap":{"0":{"name":"(anonymous_0)","decl":{"start":{"line":3,"column":19},"end":{"line":3,"column":20}},"loc":{"start":{"line":3,"column":46},"end":{"line":5,"column":38}},"line":3},"1":{"name":"(anonymous_1)","decl":{"start":{"line":7,"column":17},"end":{"line":7,"column":18}},"loc":{"start":{"line":7,"column":28},"end":{"line":7,"column":53}},"line":7},"2":{"name":"(anonymous_2)","decl":{"start":{"line":9,"column":19},"end":{"line":9,"column":20}},"loc":{"start":{"line":9,"column":59},"end":{"line":72,"column":1}},"line":9},"3":{"name":"(anonymous_3)","decl":{"start":{"line":17,"column":41},"end":{"line":17,"column":42}},"loc":{"start":{"line":17,"column":51},"end":{"line":17,"column":56}},"line":17},"4":{"name":"(anonymous_4)","decl":{"start":{"line":22,"column":44},"end":{"line":22,"column":45}},"loc":{"start":{"line":22,"column":54},"end":{"line":22,"column":91}},"line":22},"5":{"name":"(anonymous_5)","decl":{"start":{"line":25,"column":23},"end":{"line":25,"column":24}},"loc":{"start":{"line":25,"column":47},"end":{"line":25,"column":76}},"line":25}},"branchMap":{"0":{"loc":{"start":{"line":3,"column":46},"end":{"line":5,"column":38}},"type":"cond-expr","locations":[{"start":{"line":4,"column":4},"end":{"line":4,"column":5}},{"start":{"line":4,"column":9},"end":{"line":5,"column":37}}],"line":3},"1":{"loc":{"start":{"line":4,"column":9},"end":{"line":5,"column":37}},"type":"cond-expr","locations":[{"start":{"line":5,"column":6},"end":{"line":5,"column":20}},{"start":{"line":5,"column":23},"end":{"line":5,"column":37}}],"line":4},"2":{"loc":{"start":{"line":9,"column":20},"end":{"line":9,"column":54}},"type":"default-arg","locations":[{"start":{"line":9,"column":52},"end":{"line":9,"column":54}}],"line":9},"3":{"loc":{"start":{"line":9,"column":22},"end":{"line":9,"column":31}},"type":"default-arg","locations":[{"start":{"line":9,"column":30},"end":{"line":9,"column":31}}],"line":9},"4":{"loc":{"start":{"line":9,"column":33},"end":{"line":9,"column":47}},"type":"default-arg","locations":[{"start":{"line":9,"column":46},"end":{"line":9,"column":47}}],"line":9},"5":{"loc":{"start":{"line":10,"column":2},"end":{"line":12,"column":3}},"type":"if","locations":[{"start":{"line":10,"column":2},"end":{"line":12,"column":3}},{"start":{"line":10,"column":2},"end":{"line":12,"column":3}}],"line":10},"6":{"loc":{"start":{"line":13,"column":2},"end":{"line":15,"column":3}},"type":"if","locations":[{"start":{"line":13,"column":2},"end":{"line":15,"column":3}},{"start":{"line":13,"column":2},"end":{"line":15,"column":3}}],"line":13},"7":{"loc":{"start":{"line":16,"column":2},"end":{"line":18,"column":3}},"type":"if","locations":[{"start":{"line":16,"column":2},"end":{"line":18,"column":3}},{"start":{"line":16,"column":2},"end":{"line":18,"column":3}}],"line":16},"8":{"loc":{"start":{"line":30,"column":2},"end":{"line":36,"column":3}},"type":"if","locations":[{"start":{"line":30,"column":2},"end":{"line":36,"column":3}},{"start":{"line":30,"column":2},"end":{"line":36,"column":3}}],"line":30},"9":{"loc":{"start":{"line":41,"column":2},"end":{"line":47,"column":3}},"type":"if","locations":[{"start":{"line":41,"column":2},"end":{"line":47,"column":3}},{"start":{"line":41,"column":2},"end":{"line":47,"column":3}}],"line":41},"10":{"loc":{"start":{"line":52,"column":2},"end":{"line":58,"column":3}},"type":"if","locations":[{"start":{"line":52,"column":2},"end":{"line":58,"column":3}},{"start":{"line":52,"column":2},"end":{"line":58,"column":3}}],"line":52},"11":{"loc":{"start":{"line":63,"column":2},"end":{"line":69,"column":3}},"type":"if","locations":[{"start":{"line":63,"column":2},"end":{"line":69,"column":3}},{"start":{"line":63,"column":2},"end":{"line":69,"column":3}}],"line":63}},"s":{"0":1,"1":42,"2":1,"3":41,"4":1,"5":21,"6":1,"7":20,"8":1,"9":19,"10":5,"11":10,"12":14,"13":14,"14":42,"15":14,"16":70,"17":14,"18":14,"19":14,"20":2,"21":14,"22":14,"23":14,"24":2,"25":14,"26":14,"27":14,"28":6,"29":14,"30":14,"31":14,"32":6,"33":14},"f":{"0":42,"1":41,"2":21,"3":10,"4":42,"5":70},"b":{"0":[9,33],"1":[6,27],"2":[1],"3":[2],"4":[3],"5":[1,20],"6":[1,19],"7":[5,14],"8":[2,12],"9":[2,12],"10":[6,8],"11":[6,8]},"_coverageSchema":"332fd63041d2c1bcb487cc26dd0d5f7d97098a6c","hash":"a32f988b06b5ca2b40064d8097d6fd4d19d06b9c"}
}
