TN:
SF:/home/saulo/Projetos/react-ninja/m02/applications/github-app/src/utils/pagination/index.js
FN:3,(anonymous_0)
FN:7,(anonymous_1)
FN:9,(anonymous_2)
FN:17,(anonymous_3)
FN:22,(anonymous_4)
FN:25,(anonymous_5)
FNF:6
FNH:6
FNDA:42,(anonymous_0)
FNDA:41,(anonymous_1)
FNDA:21,(anonymous_2)
FNDA:10,(anonymous_3)
FNDA:42,(anonymous_4)
FNDA:70,(anonymous_5)
DA:3,42
DA:7,41
DA:9,1
DA:10,21
DA:11,1
DA:13,20
DA:14,1
DA:16,19
DA:17,10
DA:19,14
DA:20,14
DA:22,42
DA:25,70
DA:27,14
DA:28,14
DA:30,14
DA:31,2
DA:38,14
DA:39,14
DA:41,14
DA:42,2
DA:49,14
DA:50,14
DA:52,14
DA:53,6
DA:60,14
DA:61,14
DA:63,14
DA:64,6
DA:71,14
LF:30
LH:30
BRDA:3,0,0,9
BRDA:3,0,1,33
BRDA:4,1,0,6
BRDA:4,1,1,27
BRDA:9,2,0,1
BRDA:9,3,0,2
BRDA:9,4,0,3
BRDA:10,5,0,1
BRDA:10,5,1,20
BRDA:13,6,0,1
BRDA:13,6,1,19
BRDA:16,7,0,5
BRDA:16,7,1,14
BRDA:30,8,0,2
BRDA:30,8,1,12
BRDA:41,9,0,2
BRDA:41,9,1,12
BRDA:52,10,0,6
BRDA:52,10,1,8
BRDA:63,11,0,6
BRDA:63,11,1,8
BRF:21
BRH:21
end_of_record
